<?xml version="1.0" encoding="UTF-8"?>
<!-- Generated by org.testng.reporters.JUnitReportReporter -->
<testsuite hostname="Ahmad" failures="0" tests="5" name="tests.LoginTest" time="29.746" errors="0" timestamp="2020-11-21T22:00:26 EET" skipped="0">
  <testcase classname="tests.LoginTest" name="userFailToLogin" time="0.300"/>
  <system-out/>
  <testcase classname="tests.LoginTest" name="userFailToLogin" time="1.150"/>
  <system-out/>
  <testcase classname="tests.LoginTest" name="userLoginSuccessfully" time="11.240"/>
  <system-out/>
  <testcase classname="tests.LoginTest" name="userFailToLogin" time="0.343"/>
  <system-out/>
  <testcase classname="tests.LoginTest" name="userLoginSuccessfully" time="16.713"/>
  <system-out/>
</testsuite> <!-- tests.LoginTest -->
